20:33:22 **** Build of configuration Debug for project Program1-ArrayPointers ****
make all 
Building file: ../main.c
Invoking: Cross GCC Compiler
gcc -O0 -g3 -Wall -c -fmessage-length=0 -MMD -MP -MF"main.d" -MT"main.d" -o "main.o" "../main.c"
../main.c:3:1: warning: return type of 'main' is not 'int' [-Wmain-return-type]
void main(){
^
../main.c:3:1: note: change return type to 'int'
void main(){
^~~~
int
1 warning generated.
Finished building: ../main.c
 
Building target: Program1-ArrayPointers
Invoking: Cross GCC Linker
gcc  -o "Program1-ArrayPointers"  ./main.o   
Finished building target: Program1-ArrayPointers
 
20:33:43 **** Incremental Build of configuration Debug for project Program1-ArrayPointers ****
make all 
make: Nothing to be done for `all'.
20:34:06 **** Clean-only build of configuration Debug for project Program1-ArrayPointers ****
make clean 
rm -rf  ./main.o  ./main.d  Program1-ArrayPointers
 
20:34:06 **** Build of configuration Debug for project Program1-ArrayPointers ****
make all 
Building file: ../main.c
Invoking: Cross GCC Compiler
gcc -O0 -g3 -Wall -c -fmessage-length=0 -MMD -MP -MF"main.d" -MT"main.d" -o "main.o" "../main.c"
../main.c:3:1: warning: return type of 'main' is not 'int' [-Wmain-return-type]
void main(){
^
../main.c:3:1: note: change return type to 'int'
void main(){
^~~~
int
1 warning generated.
Finished building: ../main.c
 
Building target: Program1-ArrayPointers
Invoking: Cross GCC Linker
gcc  -o "Program1-ArrayPointers"  ./main.o   
Finished building target: Program1-ArrayPointers
 
20:34:11 **** Incremental Build of configuration Debug for project Program1-ArrayPointers ****
make all 
make: Nothing to be done for `all'.
20:37:29 **** Incremental Build of configuration Debug for project Program1-ArrayPointers ****
make all 
make: Nothing to be done for `all'.
20:40:05 **** Incremental Build of configuration Debug for project Program1-ArrayPointers ****
make all 
Building file: ../main.c
Invoking: Cross GCC Compiler
gcc -O0 -g3 -Wall -c -fmessage-length=0 -MMD -MP -MF"main.d" -MT"main.d" -o "main.o" "../main.c"
../main.c:5:1: warning: return type of 'main' is not 'int' [-Wmain-return-type]
void main(){
^
../main.c:5:1: note: change return type to 'int'
void main(){
^~~~
int
../main.c:13:14: warning: format specifies type 'int' but the argument has type 'int *' [-Wformat]
        printf("%d",ptr);
                ~~  ^~~
2 warnings generated.
Finished building: ../main.c
 
Building target: Program1-ArrayPointers
Invoking: Cross GCC Linker
gcc  -o "Program1-ArrayPointers"  ./main.o   
Finished building target: Program1-ArrayPointers
 
20:41:31 **** Incremental Build of configuration Debug for project Program1-ArrayPointers ****
make all 
Building file: ../main.c
Invoking: Cross GCC Compiler
gcc -O0 -g3 -Wall -c -fmessage-length=0 -MMD -MP -MF"main.d" -MT"main.d" -o "main.o" "../main.c"
../main.c:5:1: warning: return type of 'main' is not 'int' [-Wmain-return-type]
void main(){
^
../main.c:5:1: note: change return type to 'int'
void main(){
^~~~
int
../main.c:14:8: error: expression is not assignable
                &ptr = i;
                ~~~~ ^
../main.c:15:8: error: expected ';' after expression
                ptr++
                     ^
                     ;
1 warning and 2 errors generated.
make: *** [main.o] Error 1
20:41:36 **** Incremental Build of configuration Debug for project Program1-ArrayPointers ****
make all 
Building file: ../main.c
Invoking: Cross GCC Compiler
gcc -O0 -g3 -Wall -c -fmessage-length=0 -MMD -MP -MF"main.d" -MT"main.d" -o "main.o" "../main.c"
../main.c:5:1: warning: return type of 'main' is not 'int' [-Wmain-return-type]
void main(){
^
../main.c:5:1: note: change return type to 'int'
void main(){
^~~~
int
../main.c:14:8: error: expression is not assignable
                &ptr = i;
                ~~~~ ^
1 warning and 1 error generated.
make: *** [main.o] Error 1
20:41:49 **** Incremental Build of configuration Debug for project Program1-ArrayPointers ****
make all 
Building file: ../main.c
Invoking: Cross GCC Compiler
gcc -O0 -g3 -Wall -c -fmessage-length=0 -MMD -MP -MF"main.d" -MT"main.d" -o "main.o" "../main.c"
../main.c:5:1: warning: return type of 'main' is not 'int' [-Wmain-return-type]
void main(){
^
../main.c:5:1: note: change return type to 'int'
void main(){
^~~~
int
1 warning generated.
Finished building: ../main.c
 
Building target: Program1-ArrayPointers
Invoking: Cross GCC Linker
gcc  -o "Program1-ArrayPointers"  ./main.o   
Finished building target: Program1-ArrayPointers
 
20:42:09 **** Incremental Build of configuration Debug for project Program1-ArrayPointers ****
make all 
Building file: ../main.c
Invoking: Cross GCC Compiler
gcc -O0 -g3 -Wall -c -fmessage-length=0 -MMD -MP -MF"main.d" -MT"main.d" -o "main.o" "../main.c"
../main.c:5:1: warning: return type of 'main' is not 'int' [-Wmain-return-type]
void main(){
^
../main.c:5:1: note: change return type to 'int'
void main(){
^~~~
int
1 warning generated.
Finished building: ../main.c
 
Building target: Program1-ArrayPointers
Invoking: Cross GCC Linker
gcc  -o "Program1-ArrayPointers"  ./main.o   
Finished building target: Program1-ArrayPointers
 
20:43:08 **** Incremental Build of configuration Debug for project Program1-ArrayPointers ****
make all 
Building file: ../main.c
Invoking: Cross GCC Compiler
gcc -O0 -g3 -Wall -c -fmessage-length=0 -MMD -MP -MF"main.d" -MT"main.d" -o "main.o" "../main.c"
../main.c:5:1: warning: return type of 'main' is not 'int' [-Wmain-return-type]
void main(){
^
../main.c:5:1: note: change return type to 'int'
void main(){
^~~~
int
1 warning generated.
Finished building: ../main.c
 
Building target: Program1-ArrayPointers
Invoking: Cross GCC Linker
gcc  -o "Program1-ArrayPointers"  ./main.o   
Finished building target: Program1-ArrayPointers
 
20:43:39 **** Incremental Build of configuration Debug for project Program1-ArrayPointers ****
make all 
Building file: ../main.c
Invoking: Cross GCC Compiler
gcc -O0 -g3 -Wall -c -fmessage-length=0 -MMD -MP -MF"main.d" -MT"main.d" -o "main.o" "../main.c"
../main.c:5:1: warning: return type of 'main' is not 'int' [-Wmain-return-type]
void main(){
^
../main.c:5:1: note: change return type to 'int'
void main(){
^~~~
int
1 warning generated.
Finished building: ../main.c
 
Building target: Program1-ArrayPointers
Invoking: Cross GCC Linker
gcc  -o "Program1-ArrayPointers"  ./main.o   
Finished building target: Program1-ArrayPointers
 
20:44:16 **** Incremental Build of configuration Debug for project Program1-ArrayPointers ****
make all 
Building file: ../main.c
Invoking: Cross GCC Compiler
gcc -O0 -g3 -Wall -c -fmessage-length=0 -MMD -MP -MF"main.d" -MT"main.d" -o "main.o" "../main.c"
../main.c:5:1: warning: return type of 'main' is not 'int' [-Wmain-return-type]
void main(){
^
../main.c:5:1: note: change return type to 'int'
void main(){
^~~~
int
1 warning generated.
Finished building: ../main.c
 
Building target: Program1-ArrayPointers
Invoking: Cross GCC Linker
gcc  -o "Program1-ArrayPointers"  ./main.o   
Finished building target: Program1-ArrayPointers
 
20:44:45 **** Incremental Build of configuration Debug for project Program1-ArrayPointers ****
make all 
Building file: ../main.c
Invoking: Cross GCC Compiler
gcc -O0 -g3 -Wall -c -fmessage-length=0 -MMD -MP -MF"main.d" -MT"main.d" -o "main.o" "../main.c"
../main.c:5:1: warning: return type of 'main' is not 'int' [-Wmain-return-type]
void main(){
^
../main.c:5:1: note: change return type to 'int'
void main(){
^~~~
int
1 warning generated.
Finished building: ../main.c
 
Building target: Program1-ArrayPointers
Invoking: Cross GCC Linker
gcc  -o "Program1-ArrayPointers"  ./main.o   
Finished building target: Program1-ArrayPointers
 
20:45:00 **** Incremental Build of configuration Debug for project Program1-ArrayPointers ****
make all 
Building file: ../main.c
Invoking: Cross GCC Compiler
gcc -O0 -g3 -Wall -c -fmessage-length=0 -MMD -MP -MF"main.d" -MT"main.d" -o "main.o" "../main.c"
../main.c:5:1: warning: return type of 'main' is not 'int' [-Wmain-return-type]
void main(){
^
../main.c:5:1: note: change return type to 'int'
void main(){
^~~~
int
1 warning generated.
Finished building: ../main.c
 
Building target: Program1-ArrayPointers
Invoking: Cross GCC Linker
gcc  -o "Program1-ArrayPointers"  ./main.o   
Finished building target: Program1-ArrayPointers
 
20:45:09 **** Incremental Build of configuration Debug for project Program1-ArrayPointers ****
make all 
Building file: ../main.c
Invoking: Cross GCC Compiler
gcc -O0 -g3 -Wall -c -fmessage-length=0 -MMD -MP -MF"main.d" -MT"main.d" -o "main.o" "../main.c"
../main.c:5:1: warning: return type of 'main' is not 'int' [-Wmain-return-type]
void main(){
^
../main.c:5:1: note: change return type to 'int'
void main(){
^~~~
int
1 warning generated.
Finished building: ../main.c
 
Building target: Program1-ArrayPointers
Invoking: Cross GCC Linker
gcc  -o "Program1-ArrayPointers"  ./main.o   
Finished building target: Program1-ArrayPointers
 
20:45:31 **** Incremental Build of configuration Debug for project Program1-ArrayPointers ****
make all 
Building file: ../main.c
Invoking: Cross GCC Compiler
gcc -O0 -g3 -Wall -c -fmessage-length=0 -MMD -MP -MF"main.d" -MT"main.d" -o "main.o" "../main.c"
../main.c:5:1: warning: return type of 'main' is not 'int' [-Wmain-return-type]
void main(){
^
../main.c:5:1: note: change return type to 'int'
void main(){
^~~~
int
1 warning generated.
Finished building: ../main.c
 
Building target: Program1-ArrayPointers
Invoking: Cross GCC Linker
gcc  -o "Program1-ArrayPointers"  ./main.o   
Finished building target: Program1-ArrayPointers
 
20:46:07 **** Incremental Build of configuration Debug for project Program1-ArrayPointers ****
make all 
Building file: ../Q1.c
Invoking: Cross GCC Compiler
gcc -O0 -g3 -Wall -c -fmessage-length=0 -MMD -MP -MF"Q1.d" -MT"Q1.d" -o "Q1.o" "../Q1.c"
../Q1.c:5:1: warning: return type of 'main' is not 'int' [-Wmain-return-type]
void main(){
^
../Q1.c:5:1: note: change return type to 'int'
void main(){
^~~~
int
1 warning generated.
Finished building: ../Q1.c
 
Building target: Program1-ArrayPointers
Invoking: Cross GCC Linker
gcc  -o "Program1-ArrayPointers"  ./Q1.o   
Finished building target: Program1-ArrayPointers
 
20:46:25 **** Incremental Build of configuration Debug for project Program1-ArrayPointers ****
make all 
Building file: ../Q2.c
Invoking: Cross GCC Compiler
gcc -O0 -g3 -Wall -c -fmessage-length=0 -MMD -MP -MF"Q2.d" -MT"Q2.d" -o "Q2.o" "../Q2.c"
../Q2.c:5:1: warning: return type of 'main' is not 'int' [-Wmain-return-type]
void main(){
^
../Q2.c:5:1: note: change return type to 'int'
void main(){
^~~~
int
1 warning generated.
Finished building: ../Q2.c
 
Building target: Program1-ArrayPointers
Invoking: Cross GCC Linker
gcc  -o "Program1-ArrayPointers"  ./Q1.o ./Q2.o   
duplicate symbol _main in:
    ./Q1.o
    ./Q2.o
ld: 1 duplicate symbol for architecture x86_64
clang: error: linker command failed with exit code 1 (use -v to see invocation)
make: *** [Program1-ArrayPointers] Error 1
20:46:59 **** Incremental Build of configuration Debug for project Program1-ArrayPointers ****
make all 
Building target: Program1-ArrayPointers
Invoking: Cross GCC Linker
gcc  -o "Program1-ArrayPointers"  ./Q1.o ./Q2.o   
duplicate symbol _main in:
    ./Q1.o
    ./Q2.o
ld: 1 duplicate symbol for architecture x86_64
clang: error: linker command failed with exit code 1 (use -v to see invocation)
make: *** [Program1-ArrayPointers] Error 1
20:47:45 **** Incremental Build of configuration Debug for project Program1-ArrayPointers ****
make all 
Building target: Program1-ArrayPointers
Invoking: Cross GCC Linker
gcc  -o "Program1-ArrayPointers"  ./Q1.o   
Finished building target: Program1-ArrayPointers
 
20:47:56 **** Incremental Build of configuration Debug for project Program1-ArrayPointers ****
make all 
Building file: ../main.c
Invoking: Cross GCC Compiler
gcc -O0 -g3 -Wall -c -fmessage-length=0 -MMD -MP -MF"main.d" -MT"main.d" -o "main.o" "../main.c"
../main.c:5:1: warning: return type of 'main' is not 'int' [-Wmain-return-type]
void main(){
^
../main.c:5:1: note: change return type to 'int'
void main(){
^~~~
int
1 warning generated.
Finished building: ../main.c
 
Building target: Program1-ArrayPointers
Invoking: Cross GCC Linker
gcc  -o "Program1-ArrayPointers"  ./main.o   
Finished building target: Program1-ArrayPointers
 
20:48:17 **** Incremental Build of configuration Debug for project Program1-ArrayPointers ****
make all 
Building file: ../main.c
Invoking: Cross GCC Compiler
gcc -O0 -g3 -Wall -c -fmessage-length=0 -MMD -MP -MF"main.d" -MT"main.d" -o "main.o" "../main.c"
../main.c:5:1: warning: return type of 'main' is not 'int' [-Wmain-return-type]
void main(){
^
../main.c:5:1: note: change return type to 'int'
void main(){
^~~~
int
1 warning generated.
Finished building: ../main.c
 
Building target: Program1-ArrayPointers
Invoking: Cross GCC Linker
gcc  -o "Program1-ArrayPointers"  ./main.o   
Finished building target: Program1-ArrayPointers
 
20:49:09 **** Incremental Build of configuration Debug for project Program1-ArrayPointers ****
make all 
Building file: ../main.c
Invoking: Cross GCC Compiler
gcc -O0 -g3 -Wall -c -fmessage-length=0 -MMD -MP -MF"main.d" -MT"main.d" -o "main.o" "../main.c"
../main.c:5:1: warning: return type of 'main' is not 'int' [-Wmain-return-type]
void main(){
^
../main.c:5:1: note: change return type to 'int'
void main(){
^~~~
int
1 warning generated.
Finished building: ../main.c
 
Building target: Program1-ArrayPointers
Invoking: Cross GCC Linker
gcc  -o "Program1-ArrayPointers"  ./main.o   
Finished building target: Program1-ArrayPointers
 
20:49:27 **** Incremental Build of configuration Debug for project Program1-ArrayPointers ****
make all 
Building file: ../second.c
Invoking: Cross GCC Compiler
gcc -O0 -g3 -Wall -c -fmessage-length=0 -MMD -MP -MF"second.d" -MT"second.d" -o "second.o" "../second.c"
Finished building: ../second.c
 
Building target: Program1-ArrayPointers
Invoking: Cross GCC Linker
gcc  -o "Program1-ArrayPointers"  ./main.o ./second.o   
Finished building target: Program1-ArrayPointers
 
20:49:32 **** Incremental Build of configuration Debug for project Program1-ArrayPointers ****
make all 
make: Nothing to be done for `all'.
20:50:03 **** Incremental Build of configuration Debug for project Program1-ArrayPointers ****
make all 
Building file: ../second.c
Invoking: Cross GCC Compiler
gcc -O0 -g3 -Wall -c -fmessage-length=0 -MMD -MP -MF"second.d" -MT"second.d" -o "second.o" "../second.c"
Finished building: ../second.c
 
Building target: Program1-ArrayPointers
Invoking: Cross GCC Linker
gcc  -o "Program1-ArrayPointers"  ./main.o ./second.o   
Finished building target: Program1-ArrayPointers
 
20:50:15 **** Incremental Build of configuration Debug for project Program1-ArrayPointers ****
make all 
Building file: ../main.c
Invoking: Cross GCC Compiler
gcc -O0 -g3 -Wall -c -fmessage-length=0 -MMD -MP -MF"main.d" -MT"main.d" -o "main.o" "../main.c"
../main.c:5:1: warning: return type of 'main' is not 'int' [-Wmain-return-type]
void main(){
^
../main.c:5:1: note: change return type to 'int'
void main(){
^~~~
int
../main.c:35:2: warning: implicit declaration of function 'second' is invalid in C99 [-Wimplicit-function-declaration]
        second();
        ^
2 warnings generated.
Finished building: ../main.c
 
Building target: Program1-ArrayPointers
Invoking: Cross GCC Linker
gcc  -o "Program1-ArrayPointers"  ./main.o ./second.o   
Finished building target: Program1-ArrayPointers
 
20:51:18 **** Incremental Build of configuration Debug for project Program1-ArrayPointers ****
make all 
make: Nothing to be done for `all'.
20:52:11 **** Incremental Build of configuration Debug for project Program1-ArrayPointers ****
make all 
Building file: ../main.c
Invoking: Cross GCC Compiler
gcc -O0 -g3 -Wall -c -fmessage-length=0 -MMD -MP -MF"main.d" -MT"main.d" -o "main.o" "../main.c"
../main.c:5:1: warning: return type of 'main' is not 'int' [-Wmain-return-type]
void main(){
^
../main.c:5:1: note: change return type to 'int'
void main(){
^~~~
int
../main.c:36:2: warning: implicit declaration of function 'second' is invalid in C99 [-Wimplicit-function-declaration]
        second();
        ^
2 warnings generated.
Finished building: ../main.c
 
Building file: ../second.c
Invoking: Cross GCC Compiler
gcc -O0 -g3 -Wall -c -fmessage-length=0 -MMD -MP -MF"second.d" -MT"second.d" -o "second.o" "../second.c"
Finished building: ../second.c
 
Building target: Program1-ArrayPointers
Invoking: Cross GCC Linker
gcc  -o "Program1-ArrayPointers"  ./main.o ./second.o   
Finished building target: Program1-ArrayPointers
 
20:52:24 **** Incremental Build of configuration Debug for project Program1-ArrayPointers ****
make all 
Building file: ../main.c
Invoking: Cross GCC Compiler
gcc -O0 -g3 -Wall -c -fmessage-length=0 -MMD -MP -MF"main.d" -MT"main.d" -o "main.o" "../main.c"
../main.c:5:1: warning: return type of 'main' is not 'int' [-Wmain-return-type]
Finished building: ../main.c
void main(){
^
../main.c:5:1: note: change return type to 'int'
void main(){
^~~~
int
../main.c:36:2: warning: implicit declaration of function 'second' is invalid in C99 [-Wimplicit-function-declaration]
        second();
        ^
2 warnings generated.
 
Building file: ../second.c
Invoking: Cross GCC Compiler
gcc -O0 -g3 -Wall -c -fmessage-length=0 -MMD -MP -MF"second.d" -MT"second.d" -o "second.o" "../second.c"
Finished building: ../second.c
 
Building target: Program1-ArrayPointers
Invoking: Cross GCC Linker
gcc  -o "Program1-ArrayPointers"  ./main.o ./second.o   
Finished building target: Program1-ArrayPointers
 
20:52:40 **** Incremental Build of configuration Debug for project Program1-ArrayPointers ****
make all 
Building file: ../second.c
Invoking: Cross GCC Compiler
gcc -O0 -g3 -Wall -c -fmessage-length=0 -MMD -MP -MF"second.d" -MT"second.d" -o "second.o" "../second.c"
Finished building: ../second.c
 
Building target: Program1-ArrayPointers
Invoking: Cross GCC Linker
gcc  -o "Program1-ArrayPointers"  ./main.o ./second.o   
Finished building target: Program1-ArrayPointers
 
20:53:02 **** Incremental Build of configuration Debug for project Program1-ArrayPointers ****
make all 
make: Nothing to be done for `all'.
20:55:32 **** Incremental Build of configuration Debug for project Program1-ArrayPointers ****
make all 
Building file: ../second.c
Invoking: Cross GCC Compiler
gcc -O0 -g3 -Wall -c -fmessage-length=0 -MMD -MP -MF"second.d" -MT"second.d" -o "second.o" "../second.c"
Finished building: ../second.c
 
Building target: Program1-ArrayPointers
Invoking: Cross GCC Linker
gcc  -o "Program1-ArrayPointers"  ./main.o ./second.o   
Finished building target: Program1-ArrayPointers
 
21:00:43 **** Incremental Build of configuration Debug for project Program1-ArrayPointers ****
make all 
Building file: ../second.c
Invoking: Cross GCC Compiler
gcc -O0 -g3 -Wall -c -fmessage-length=0 -MMD -MP -MF"second.d" -MT"second.d" -o "second.o" "../second.c"
../second.c:30:6: error: conflicting types for 'rowPrinter'
void rowPrinter(a){
     ^
../second.c:2:6: note: previous declaration is here
void rowPrinter(int[]);
     ^
../second.c:31:15: error: subscripted value is not an array, pointer, or vector
        int* temp = a[0];
                    ~^~
2 errors generated.
make: *** [second.o] Error 1
21:01:32 **** Incremental Build of configuration Debug for project Program1-ArrayPointers ****
make all 
Building file: ../second.c
Invoking: Cross GCC Compiler
gcc -O0 -g3 -Wall -c -fmessage-length=0 -MMD -MP -MF"second.d" -MT"second.d" -o "second.o" "../second.c"
../second.c:31:7: warning: incompatible integer to pointer conversion initializing 'int *' with an expression of type 'int'; take the address with & [-Wint-conversion]
        int* temp = a[0];
             ^      ~~~~
                    &
../second.c:33:23: warning: sizeof on array function parameter will return size of 'int *' instead of 'int []' [-Wsizeof-array-argument]
        for(i = 0; i < sizeof(a); i++){
                             ^
../second.c:30:21: note: declared here
void rowPrinter(int a[]){
                    ^
2 warnings generated.
Finished building: ../second.c
 
Building target: Program1-ArrayPointers
Invoking: Cross GCC Linker
gcc  -o "Program1-ArrayPointers"  ./main.o ./second.o   
Finished building target: Program1-ArrayPointers
 
21:01:55 **** Incremental Build of configuration Debug for project Program1-ArrayPointers ****
make all 
Building file: ../second.c
Invoking: Cross GCC Compiler
gcc -O0 -g3 -Wall -c -fmessage-length=0 -MMD -MP -MF"second.d" -MT"second.d" -o "second.o" "../second.c"
../second.c:30:23: error: expected ')'
void rowPrinter(int[] a){
                      ^
../second.c:30:16: note: to match this '('
void rowPrinter(int[] a){
               ^
../second.c:30:20: error: parameter name omitted
void rowPrinter(int[] a){
                   ^
../second.c:31:14: error: use of undeclared identifier 'a'
        int* temp = a[0];
                    ^
../second.c:33:24: error: use of undeclared identifier 'a'
        for(i = 0; i < sizeof(a); i++){
                              ^
4 errors generated.
make: *** [second.o] Error 1
21:02:02 **** Incremental Build of configuration Debug for project Program1-ArrayPointers ****
make all 
Building file: ../second.c
Invoking: Cross GCC Compiler
gcc -O0 -g3 -Wall -c -fmessage-length=0 -MMD -MP -MF"second.d" -MT"second.d" -o "second.o" "../second.c"
../second.c:31:7: warning: incompatible integer to pointer conversion initializing 'int *' with an expression of type 'int'; take the address with & [-Wint-conversion]
        int* temp = a[0];
             ^      ~~~~
                    &
../second.c:33:23: warning: sizeof on array function parameter will return size of 'int *' instead of 'int []' [-Wsizeof-array-argument]
        for(i = 0; i < sizeof(a); i++){
                             ^
../second.c:30:21: note: declared here
void rowPrinter(int a[]){
                    ^
2 warnings generated.
Finished building: ../second.c
 
Building target: Program1-ArrayPointers
Invoking: Cross GCC Linker
gcc  -o "Program1-ArrayPointers"  ./main.o ./second.o   
Finished building target: Program1-ArrayPointers
 
21:02:15 **** Incremental Build of configuration Debug for project Program1-ArrayPointers ****
make all 
Building file: ../second.c
Invoking: Cross GCC Compiler
gcc -O0 -g3 -Wall -c -fmessage-length=0 -MMD -MP -MF"second.d" -MT"second.d" -o "second.o" "../second.c"
../second.c:33:23: warning: sizeof on array function parameter will return size of 'int *' instead of 'int []' [-Wsizeof-array-argument]
        for(i = 0; i < sizeof(a); i++){
                             ^
../second.c:30:21: note: declared here
void rowPrinter(int a[]){
                    ^
1 warning generated.
Finished building: ../second.c
 
Building target: Program1-ArrayPointers
Invoking: Cross GCC Linker
gcc  -o "Program1-ArrayPointers"  ./main.o ./second.o   
Finished building target: Program1-ArrayPointers
 
21:02:23 **** Incremental Build of configuration Debug for project Program1-ArrayPointers ****
make all 
Building file: ../second.c
Invoking: Cross GCC Compiler
gcc -O0 -g3 -Wall -c -fmessage-length=0 -MMD -MP -MF"second.d" -MT"second.d" -o "second.o" "../second.c"
../second.c:33:23: warning: sizeof on array function parameter will return size of 'int *' instead of 'int []' [-Wsizeof-array-argument]
        for(i = 0; i < sizeof(a); i++){
                             ^
../second.c:30:21: note: declared here
void rowPrinter(int a[]){
                    ^
1 warning generated.
Finished building: ../second.c
 
Building target: Program1-ArrayPointers
Invoking: Cross GCC Linker
gcc  -o "Program1-ArrayPointers"  ./main.o ./second.o   
Finished building target: Program1-ArrayPointers
 
21:03:51 **** Incremental Build of configuration Debug for project Program1-ArrayPointers ****
make all 
Building file: ../second.c
Invoking: Cross GCC Compiler
gcc -O0 -g3 -Wall -c -fmessage-length=0 -MMD -MP -MF"second.d" -MT"second.d" -o "second.o" "../second.c"
../second.c:33:24: warning: sizeof on array function parameter will return size of 'int *' instead of 'int []' [-Wsizeof-array-argument]
        for(i = 0; i < (sizeof(a)/sizeof(a[0])); i++){
                              ^
../second.c:30:21: note: declared here
void rowPrinter(int a[]){
                    ^
1 warning generated.
Finished building: ../second.c
 
Building target: Program1-ArrayPointers
Invoking: Cross GCC Linker
gcc  -o "Program1-ArrayPointers"  ./main.o ./second.o   
Finished building target: Program1-ArrayPointers
 
21:03:59 **** Incremental Build of configuration Debug for project Program1-ArrayPointers ****
make all 
Building file: ../second.c
Invoking: Cross GCC Compiler
gcc -O0 -g3 -Wall -c -fmessage-length=0 -MMD -MP -MF"second.d" -MT"second.d" -o "second.o" "../second.c"
Finished building: ../second.c
 
Building target: Program1-ArrayPointers
Invoking: Cross GCC Linker
gcc  -o "Program1-ArrayPointers"  ./main.o ./second.o   
Finished building target: Program1-ArrayPointers
 
21:04:15 **** Incremental Build of configuration Debug for project Program1-ArrayPointers ****
make all 
Building file: ../second.c
Invoking: Cross GCC Compiler
gcc -O0 -g3 -Wall -c -fmessage-length=0 -MMD -MP -MF"second.d" -MT"second.d" -o "second.o" "../second.c"
Finished building: ../second.c
 
Building target: Program1-ArrayPointers
Invoking: Cross GCC Linker
gcc  -o "Program1-ArrayPointers"  ./main.o ./second.o   
Finished building target: Program1-ArrayPointers
 
21:07:47 **** Incremental Build of configuration Debug for project Program1-ArrayPointers ****
make all 
Building file: ../second.c
Invoking: Cross GCC Compiler
gcc -O0 -g3 -Wall -c -fmessage-length=0 -MMD -MP -MF"second.d" -MT"second.d" -o "second.o" "../second.c"
../second.c:19:7: warning: unused variable 'ptr01' [-Wunused-variable]
Finished building: ../second.c
        int* ptr01 = array2[0];
             ^
1 warning generated.
 
Building target: Program1-ArrayPointers
Invoking: Cross GCC Linker
gcc  -o "Program1-ArrayPointers"  ./main.o ./second.o   
Finished building target: Program1-ArrayPointers
 
21:08:04 **** Incremental Build of configuration Debug for project Program1-ArrayPointers ****
make all 
Building file: ../second.c
Invoking: Cross GCC Compiler
gcc -O0 -g3 -Wall -c -fmessage-length=0 -MMD -MP -MF"second.d" -MT"second.d" -o "second.o" "../second.c"
../second.c:11:7: warning: incompatible pointer types initializing 'int *' with an expression of type 'int (*)[10][10]' [-Wincompatible-pointer-types]
        int* ptr2 = &array2;
             ^      ~~~~~~~
../second.c:20:7: error: redefinition of 'ptr01'
        int* ptr01 = array2[0];
             ^
../second.c:19:7: note: previous definition is here
        int* ptr01 = array2[0];
             ^
../second.c:21:7: error: redefinition of 'ptr01'
        int* ptr01 = array2[0];
             ^
../second.c:19:7: note: previous definition is here
        int* ptr01 = array2[0];
             ^
../second.c:22:7: error: redefinition of 'ptr01'
        int* ptr01 = array2[0];
             ^
../second.c:19:7: note: previous definition is here
        int* ptr01 = array2[0];
             ^
../second.c:23:7: error: redefinition of 'ptr01'
        int* ptr01 = array2[0];
             ^
../second.c:19:7: note: previous definition is here
        int* ptr01 = array2[0];
             ^
../second.c:24:7: error: redefinition of 'ptr01'
        int* ptr01 = array2[0];
             ^
../second.c:19:7: note: previous definition is here
        int* ptr01 = array2[0];
             ^
../second.c:25:7: error: redefinition of 'ptr01'
        int* ptr01 = array2[0];
             ^
../second.c:19:7: note: previous definition is here
        int* ptr01 = array2[0];
             ^
1 warning and 6 errors generated.
make: *** [second.o] Error 1
21:08:13 **** Incremental Build of configuration Debug for project Program1-ArrayPointers ****
make all 
Building file: ../second.c
Invoking: Cross GCC Compiler
gcc -O0 -g3 -Wall -c -fmessage-length=0 -MMD -MP -MF"second.d" -MT"second.d" -o "second.o" "../second.c"
../second.c:11:7: warning: incompatible pointer types initializing 'int *' with an expression of type 'int (*)[10][10]' [-Wincompatible-pointer-types]
        int* ptr2 = &array2;
             ^      ~~~~~~~
../second.c:19:7: warning: unused variable 'ptr01' [-Wunused-variable]
        int* ptr01 = array2[0];
             ^
2 warnings generated.
Finished building: ../second.c
 
Building target: Program1-ArrayPointers
Invoking: Cross GCC Linker
gcc  -o "Program1-ArrayPointers"  ./main.o ./second.o   
Finished building target: Program1-ArrayPointers
 
21:10:11 **** Incremental Build of configuration Debug for project Program1-ArrayPointers ****
make all 
Building file: ../second.c
Invoking: Cross GCC Compiler
gcc -O0 -g3 -Wall -c -fmessage-length=0 -MMD -MP -MF"second.d" -MT"second.d" -o "second.o" "../second.c"
../second.c:34:13: warning: incompatible integer to pointer conversion passing 'int' to parameter of type 'int *'; remove * [-Wint-conversion]
        rowPrinter(*ptr00);
                   ^~~~~~
../second.c:2:20: note: passing argument to parameter here
void rowPrinter(int[]);
                   ^
../second.c:20:7: warning: unused variable 'ptr01' [-Wunused-variable]
        int* ptr01 = array2[1];
             ^
../second.c:21:7: warning: unused variable 'ptr02' [-Wunused-variable]
        int* ptr02 = array2[2];
             ^
../second.c:22:7: warning: unused variable 'ptr03' [-Wunused-variable]
        int* ptr03 = array2[3];
             ^
../second.c:23:7: warning: unused variable 'ptr04' [-Wunused-variable]
        int* ptr04 = array2[4];
             ^
../second.c:24:7: warning: unused variable 'ptr05' [-Wunused-variable]
        int* ptr05 = array2[5];
             ^
../second.c:25:7: warning: unused variable 'ptr06' [-Wunused-variable]
        int* ptr06 = array2[6];
             ^
../second.c:26:7: warning: unused variable 'ptr07' [-Wunused-variable]
        int* ptr07 = array2[7];
             ^
../second.c:27:7: warning: unused variable 'ptr08' [-Wunused-variable]
        int* ptr08 = array2[8];
             ^
../second.c:28:7: warning: unused variable 'ptr09' [-Wunused-variable]
        int* ptr09 = array2[9];
             ^
10 warnings generated.
Finished building: ../second.c
 
Building target: Program1-ArrayPointers
Invoking: Cross GCC Linker
gcc  -o "Program1-ArrayPointers"  ./main.o ./second.o   
Finished building target: Program1-ArrayPointers
 
21:10:40 **** Incremental Build of configuration Debug for project Program1-ArrayPointers ****
make all 
Building file: ../second.c
Invoking: Cross GCC Compiler
gcc -O0 -g3 -Wall -c -fmessage-length=0 -MMD -MP -MF"second.d" -MT"second.d" -o "second.o" "../second.c"
../second.c:19:7: warning: unused variable 'ptr00' [-Wunused-variable]
        int* ptr00 = array2[0];
             ^
../second.c:20:7: warning: unused variable 'ptr01' [-Wunused-variable]
        int* ptr01 = array2[1];
             ^
../second.c:21:7: warning: unused variable 'ptr02' [-Wunused-variable]
        int* ptr02 = array2[2];
             ^
../second.c:22:7: warning: unused variable 'ptr03' [-Wunused-variable]
        int* ptr03 = array2[3];
             ^
../second.c:23:7: warning: unused variable 'ptr04' [-Wunused-variable]
        int* ptr04 = array2[4];
             ^
../second.c:24:7: warning: unused variable 'ptr05' [-Wunused-variable]
        int* ptr05 = array2[5];
             ^
../second.c:25:7: warning: unused variable 'ptr06' [-Wunused-variable]
        int* ptr06 = array2[6];
             ^
../second.c:26:7: warning: unused variable 'ptr07' [-Wunused-variable]
        int* ptr07 = array2[7];
             ^
../second.c:27:7: warning: unused variable 'ptr08' [-Wunused-variable]
        int* ptr08 = array2[8];
             ^
../second.c:28:7: warning: unused variable 'ptr09' [-Wunused-variable]
        int* ptr09 = array2[9];
             ^
10 warnings generated.
Finished building: ../second.c
 
Building target: Program1-ArrayPointers
Invoking: Cross GCC Linker
gcc  -o "Program1-ArrayPointers"  ./main.o ./second.o   
Finished building target: Program1-ArrayPointers
 
21:11:01 **** Incremental Build of configuration Debug for project Program1-ArrayPointers ****
make all 
Building file: ../second.c
Invoking: Cross GCC Compiler
gcc -O0 -g3 -Wall -c -fmessage-length=0 -MMD -MP -MF"second.d" -MT"second.d" -o "second.o" "../second.c"
../second.c:35:13: warning: incompatible integer to pointer conversion passing 'int' to parameter of type 'int *'; remove * [-Wint-conversion]
        rowPrinter(*ptr00);
                   ^~~~~~
../second.c:2:20: note: passing argument to parameter here
void rowPrinter(int[]);
                   ^
../second.c:20:7: warning: unused variable 'ptr01' [-Wunused-variable]
        int* ptr01 = array2[1];
             ^
../second.c:21:7: warning: unused variable 'ptr02' [-Wunused-variable]
        int* ptr02 = array2[2];
             ^
../second.c:22:7: warning: unused variable 'ptr03' [-Wunused-variable]
        int* ptr03 = array2[3];
             ^
../second.c:23:7: warning: unused variable 'ptr04' [-Wunused-variable]
        int* ptr04 = array2[4];
             ^
../second.c:24:7: warning: unused variable 'ptr05' [-Wunused-variable]
        int* ptr05 = array2[5];
             ^
../second.c:25:7: warning: unused variable 'ptr06' [-Wunused-variable]
        int* ptr06 = array2[6];
             ^
../second.c:26:7: warning: unused variable 'ptr07' [-Wunused-variable]
        int* ptr07 = array2[7];
             ^
../second.c:27:7: warning: unused variable 'ptr08' [-Wunused-variable]
        int* ptr08 = array2[8];
             ^
../second.c:28:7: warning: unused variable 'ptr09' [-Wunused-variable]
        int* ptr09 = array2[9];
             ^
10 warnings generated.
Finished building: ../second.c
 
Building target: Program1-ArrayPointers
Invoking: Cross GCC Linker
gcc  -o "Program1-ArrayPointers"  ./main.o ./second.o   
Finished building target: Program1-ArrayPointers
 
21:11:11 **** Incremental Build of configuration Debug for project Program1-ArrayPointers ****
make all 
Building file: ../second.c
Invoking: Cross GCC Compiler
gcc -O0 -g3 -Wall -c -fmessage-length=0 -MMD -MP -MF"second.d" -MT"second.d" -o "second.o" "../second.c"
../second.c:19:7: warning: unused variable 'ptr00' [-Wunused-variable]
        int* ptr00 = array2[0];
             ^
../second.c:20:7: warning: unused variable 'ptr01' [-Wunused-variable]
        int* ptr01 = array2[1];
             ^
../second.c:21:7: warning: unused variable 'ptr02' [-Wunused-variable]
        int* ptr02 = array2[2];
             ^
../second.c:22:7: warning: unused variable 'ptr03' [-Wunused-variable]
        int* ptr03 = array2[3];
             ^
../second.c:23:7: warning: unused variable 'ptr04' [-Wunused-variable]
        int* ptr04 = array2[4];
             ^
../second.c:24:7: warning: unused variable 'ptr05' [-Wunused-variable]
        int* ptr05 = array2[5];
             ^
../second.c:25:7: warning: unused variable 'ptr06' [-Wunused-variable]
        int* ptr06 = array2[6];
             ^
../second.c:26:7: warning: unused variable 'ptr07' [-Wunused-variable]
        int* ptr07 = array2[7];
             ^
../second.c:27:7: warning: unused variable 'ptr08' [-Wunused-variable]
        int* ptr08 = array2[8];
             ^
../second.c:28:7: warning: unused variable 'ptr09' [-Wunused-variable]
        int* ptr09 = array2[9];
             ^
10 warnings generated.
Finished building: ../second.c
 
Building target: Program1-ArrayPointers
Invoking: Cross GCC Linker
gcc  -o "Program1-ArrayPointers"  ./main.o ./second.o   
Finished building target: Program1-ArrayPointers
 
21:12:03 **** Incremental Build of configuration Debug for project Program1-ArrayPointers ****
make all 
Building file: ../second.c
Invoking: Cross GCC Compiler
gcc -O0 -g3 -Wall -c -fmessage-length=0 -MMD -MP -MF"second.d" -MT"second.d" -o "second.o" "../second.c"
../second.c:35:13: warning: incompatible integer to pointer conversion passing 'int' to parameter of type 'int *'; remove * [-Wint-conversion]
        rowPrinter(*ptr00);
                   ^~~~~~
../second.c:2:20: note: passing argument to parameter here
void rowPrinter(int[]);
                   ^
../second.c:20:7: warning: unused variable 'ptr01' [-Wunused-variable]
        int* ptr01 = array2[1];
             ^
../second.c:21:7: warning: unused variable 'ptr02' [-Wunused-variable]
        int* ptr02 = array2[2];
             ^
../second.c:22:7: warning: unused variable 'ptr03' [-Wunused-variable]
        int* ptr03 = array2[3];
             ^
../second.c:23:7: warning: unused variable 'ptr04' [-Wunused-variable]
        int* ptr04 = array2[4];
             ^
../second.c:24:7: warning: unused variable 'ptr05' [-Wunused-variable]
        int* ptr05 = array2[5];
             ^
../second.c:25:7: warning: unused variable 'ptr06' [-Wunused-variable]
        int* ptr06 = array2[6];
             ^
../second.c:26:7: warning: unused variable 'ptr07' [-Wunused-variable]
        int* ptr07 = array2[7];
             ^
../second.c:27:7: warning: unused variable 'ptr08' [-Wunused-variable]
        int* ptr08 = array2[8];
             ^
../second.c:28:7: warning: unused variable 'ptr09' [-Wunused-variable]
        int* ptr09 = array2[9];
             ^
Finished building: ../second.c
10 warnings generated.
 
Building target: Program1-ArrayPointers
Invoking: Cross GCC Linker
gcc  -o "Program1-ArrayPointers"  ./main.o ./second.o   
Finished building target: Program1-ArrayPointers
 
21:12:10 **** Incremental Build of configuration Debug for project Program1-ArrayPointers ****
make all 
Building file: ../second.c
Invoking: Cross GCC Compiler
gcc -O0 -g3 -Wall -c -fmessage-length=0 -MMD -MP -MF"second.d" -MT"second.d" -o "second.o" "../second.c"
../second.c:35:13: warning: incompatible integer to pointer conversion passing 'int' to parameter of type 'int *'; remove * [-Wint-conversion]
        rowPrinter(*ptr00);
                   ^~~~~~
../second.c:2:20: note: passing argument to parameter here
void rowPrinter(int[]);
                   ^
../second.c:20:7: warning: unused variable 'ptr01' [-Wunused-variable]
        int* ptr01 = array2[1];
             ^
../second.c:21:7: warning: unused variable 'ptr02' [-Wunused-variable]
        int* ptr02 = array2[2];
             ^
../second.c:22:7: warning: unused variable 'ptr03' [-Wunused-variable]
        int* ptr03 = array2[3];
             ^
../second.c:23:7: warning: unused variable 'ptr04' [-Wunused-variable]
        int* ptr04 = array2[4];
             ^
../second.c:24:7: warning: unused variable 'ptr05' [-Wunused-variable]
        int* ptr05 = array2[5];
             ^
../second.c:25:7: warning: unused variable 'ptr06' [-Wunused-variable]
        int* ptr06 = array2[6];
             ^
../second.c:26:7: warning: unused variable 'ptr07' [-Wunused-variable]
        int* ptr07 = array2[7];
             ^
../second.c:27:7: warning: unused variable 'ptr08' [-Wunused-variable]
        int* ptr08 = array2[8];
             ^
../second.c:28:7: warning: unused variable 'ptr09' [-Wunused-variable]
        int* ptr09 = array2[9];
             ^
Finished building: ../second.c
10 warnings generated.
 
Building target: Program1-ArrayPointers
Invoking: Cross GCC Linker
gcc  -o "Program1-ArrayPointers"  ./main.o ./second.o   
Finished building target: Program1-ArrayPointers
 
21:12:28 **** Incremental Build of configuration Debug for project Program1-ArrayPointers ****
make all 
Building file: ../second.c
Invoking: Cross GCC Compiler
gcc -O0 -g3 -Wall -c -fmessage-length=0 -MMD -MP -MF"second.d" -MT"second.d" -o "second.o" "../second.c"
../second.c:34:13: warning: incompatible integer to pointer conversion passing 'int' to parameter of type 'int *'; remove * [-Wint-conversion]
        rowPrinter(*ptr00);
                   ^~~~~~
../second.c:2:21: note: passing argument to parameter here
void rowPrinter(int*);
                    ^
../second.c:20:7: warning: unused variable 'ptr01' [-Wunused-variable]
        int* ptr01 = array2[1];
             ^
../second.c:21:7: warning: unused variable 'ptr02' [-Wunused-variable]
        int* ptr02 = array2[2];
             ^
../second.c:22:7: warning: unused variable 'ptr03' [-Wunused-variable]
        int* ptr03 = array2[3];
             ^
../second.c:23:7: warning: unused variable 'ptr04' [-Wunused-variable]
        int* ptr04 = array2[4];
             ^
../second.c:24:7: warning: unused variable 'ptr05' [-Wunused-variable]
        int* ptr05 = array2[5];
             ^
../second.c:25:7: warning: unused variable 'ptr06' [-Wunused-variable]
        int* ptr06 = array2[6];
             ^
../second.c:26:7: warning: unused variable 'ptr07' [-Wunused-variable]
        int* ptr07 = array2[7];
             ^
../second.c:27:7: warning: unused variable 'ptr08' [-Wunused-variable]
        int* ptr08 = array2[8];
             ^
../second.c:28:7: warning: unused variable 'ptr09' [-Wunused-variable]
        int* ptr09 = array2[9];
             ^
Finished building: ../second.c
 
10 warnings generated.
Building target: Program1-ArrayPointers
Invoking: Cross GCC Linker
gcc  -o "Program1-ArrayPointers"  ./main.o ./second.o   
Finished building target: Program1-ArrayPointers
 
21:12:36 **** Incremental Build of configuration Debug for project Program1-ArrayPointers ****
make all 
Building file: ../second.c
Invoking: Cross GCC Compiler
gcc -O0 -g3 -Wall -c -fmessage-length=0 -MMD -MP -MF"second.d" -MT"second.d" -o "second.o" "../second.c"
../second.c:20:7: warning: unused variable 'ptr01' [-Wunused-variable]
        int* ptr01 = array2[1];
             ^
../second.c:21:7: warning: unused variable 'ptr02' [-Wunused-variable]
        int* ptr02 = array2[2];
             ^
../second.c:22:7: warning: unused variable 'ptr03' [-Wunused-variable]
        int* ptr03 = array2[3];
             ^
../second.c:23:7: warning: unused variable 'ptr04' [-Wunused-variable]
        int* ptr04 = array2[4];
             ^
../second.c:24:7: warning: unused variable 'ptr05' [-Wunused-variable]
        int* ptr05 = array2[5];
             ^
../second.c:25:7: warning: unused variable 'ptr06' [-Wunused-variable]
        int* ptr06 = array2[6];
             ^
../second.c:26:7: warning: unused variable 'ptr07' [-Wunused-variable]
        int* ptr07 = array2[7];
             ^
../second.c:27:7: warning: unused variable 'ptr08' [-Wunused-variable]
        int* ptr08 = array2[8];
             ^
../second.c:28:7: warning: unused variable 'ptr09' [-Wunused-variable]
        int* ptr09 = array2[9];
             ^
9 warnings generated.
Finished building: ../second.c
 
Building target: Program1-ArrayPointers
Invoking: Cross GCC Linker
gcc  -o "Program1-ArrayPointers"  ./main.o ./second.o   
Finished building target: Program1-ArrayPointers
 
21:13:43 **** Incremental Build of configuration Debug for project Program1-ArrayPointers ****
make all 
Building file: ../second.c
Invoking: Cross GCC Compiler
gcc -O0 -g3 -Wall -c -fmessage-length=0 -MMD -MP -MF"second.d" -MT"second.d" -o "second.o" "../second.c"
Finished building: ../second.c
 
Building target: Program1-ArrayPointers
Invoking: Cross GCC Linker
gcc  -o "Program1-ArrayPointers"  ./main.o ./second.o   
Finished building target: Program1-ArrayPointers
 
21:13:53 **** Incremental Build of configuration Debug for project Program1-ArrayPointers ****
make all 
Building file: ../second.c
Invoking: Cross GCC Compiler
gcc -O0 -g3 -Wall -c -fmessage-length=0 -MMD -MP -MF"second.d" -MT"second.d" -o "second.o" "../second.c"
Finished building: ../second.c
 
Building target: Program1-ArrayPointers
Invoking: Cross GCC Linker
gcc  -o "Program1-ArrayPointers"  ./main.o ./second.o   
Finished building target: Program1-ArrayPointers
 
21:15:03 **** Incremental Build of configuration Debug for project Program1-ArrayPointers ****
make all 
Building file: ../second.c
Invoking: Cross GCC Compiler
gcc -O0 -g3 -Wall -c -fmessage-length=0 -MMD -MP -MF"second.d" -MT"second.d" -o "second.o" "../second.c"
Finished building: ../second.c
 
Building target: Program1-ArrayPointers
Invoking: Cross GCC Linker
gcc  -o "Program1-ArrayPointers"  ./main.o ./second.o   
Finished building target: Program1-ArrayPointers
 
21:15:26 **** Incremental Build of configuration Debug for project Program1-ArrayPointers ****
make all 
Building file: ../second.c
Invoking: Cross GCC Compiler
gcc -O0 -g3 -Wall -c -fmessage-length=0 -MMD -MP -MF"second.d" -MT"second.d" -o "second.o" "../second.c"
Finished building: ../second.c
 
Building target: Program1-ArrayPointers
Invoking: Cross GCC Linker
gcc  -o "Program1-ArrayPointers"  ./main.o ./second.o   
Finished building target: Program1-ArrayPointers
 
21:15:34 **** Incremental Build of configuration Debug for project Program1-ArrayPointers ****
make all 
Building file: ../second.c
Invoking: Cross GCC Compiler
gcc -O0 -g3 -Wall -c -fmessage-length=0 -MMD -MP -MF"second.d" -MT"second.d" -o "second.o" "../second.c"
Finished building: ../second.c
 
Building target: Program1-ArrayPointers
Invoking: Cross GCC Linker
gcc  -o "Program1-ArrayPointers"  ./main.o ./second.o   
Finished building target: Program1-ArrayPointers
 
21:15:46 **** Incremental Build of configuration Debug for project Program1-ArrayPointers ****
make all 
make: Nothing to be done for `all'.
21:17:22 **** Incremental Build of configuration Debug for project Program1-ArrayPointers ****
make all 
Building file: ../second.c
Invoking: Cross GCC Compiler
gcc -O0 -g3 -Wall -c -fmessage-length=0 -MMD -MP -MF"second.d" -MT"second.d" -o "second.o" "../second.c"
Finished building: ../second.c
 
Building target: Program1-ArrayPointers
Invoking: Cross GCC Linker
gcc  -o "Program1-ArrayPointers"  ./main.o ./second.o   
Finished building target: Program1-ArrayPointers
 
21:17:40 **** Incremental Build of configuration Debug for project Program1-ArrayPointers ****
make all 
Building file: ../second.c
Invoking: Cross GCC Compiler
gcc -O0 -g3 -Wall -c -fmessage-length=0 -MMD -MP -MF"second.d" -MT"second.d" -o "second.o" "../second.c"
Finished building: ../second.c
 
Building target: Program1-ArrayPointers
Invoking: Cross GCC Linker
gcc  -o "Program1-ArrayPointers"  ./main.o ./second.o   
Finished building target: Program1-ArrayPointers
 
21:18:27 **** Incremental Build of configuration Debug for project Program1-ArrayPointers ****
make all 
Building file: ../second.c
Invoking: Cross GCC Compiler
gcc -O0 -g3 -Wall -c -fmessage-length=0 -MMD -MP -MF"second.d" -MT"second.d" -o "second.o" "../second.c"
Finished building: ../second.c
 
Building target: Program1-ArrayPointers
Invoking: Cross GCC Linker
gcc  -o "Program1-ArrayPointers"  ./main.o ./second.o   
Finished building target: Program1-ArrayPointers
 
16:16:15 **** Build of configuration Debug for project Program1-ArrayPointers ****
make all 
make: Nothing to be done for `all'.
11:16:55 **** Build of configuration Debug for project Program1-ArrayPointers ****
make all 
make: Nothing to be done for `all'.
